<?xml version="1.0" encoding="UTF-8"?>
<!-- Generated by org.testng.reporters.JUnitReportReporter -->
<testsuite hostname="FEUJI-V017D" failures="1" tests="9" name="com.test.LetyShopsTest" time="133.934" errors="0" timestamp="2023-11-06T12:00:30 IST" skipped="0">
  <testcase classname="com.test.LetyShopsTest" name="welcomePage" time="6.072"/>
  <system-out/>
  <testcase classname="com.test.LetyShopsTest" name="loginWithoutCredentials" time="3.693"/>
  <system-out/>
  <testcase classname="com.test.LetyShopsTest" name="validateForgotPassword" time="0.395">
    <failure message="Forgot Password text is displayed as expected expected [Forgot password] but found [Forgot password?]" type="java.lang.AssertionError">
      <![CDATA[java.lang.AssertionError: Forgot Password text is displayed as expected expected [Forgot password] but found [Forgot password?]
at org.testng.Assert.fail(Assert.java:110)
at org.testng.Assert.failNotEquals(Assert.java:1577)
at org.testng.Assert.assertEqualsImpl(Assert.java:149)
at org.testng.Assert.assertEquals(Assert.java:131)
at org.testng.Assert.assertEquals(Assert.java:655)
at com.test.LetyShopsTest.validateForgotPassword(LetyShopsTest.java:113)
at java.base/jdk.internal.reflect.NativeMethodAccessorImpl.invoke0(Native Method)
at java.base/jdk.internal.reflect.NativeMethodAccessorImpl.invoke(NativeMethodAccessorImpl.java:77)
at java.base/jdk.internal.reflect.DelegatingMethodAccessorImpl.invoke(DelegatingMethodAccessorImpl.java:43)
at java.base/java.lang.reflect.Method.invoke(Method.java:568)
at org.testng.internal.invokers.MethodInvocationHelper.invokeMethod(MethodInvocationHelper.java:139)
at org.testng.internal.invokers.TestInvoker.invokeMethod(TestInvoker.java:677)
at org.testng.internal.invokers.TestInvoker.invokeTestMethod(TestInvoker.java:221)
at org.testng.internal.invokers.MethodRunner.runInSequence(MethodRunner.java:50)
at org.testng.internal.invokers.TestInvoker$MethodInvocationAgent.invoke(TestInvoker.java:969)
at org.testng.internal.invokers.TestInvoker.invokeTestMethods(TestInvoker.java:194)
at org.testng.internal.invokers.TestMethodWorker.invokeTestMethods(TestMethodWorker.java:148)
at org.testng.internal.invokers.TestMethodWorker.run(TestMethodWorker.java:128)
at java.base/java.util.ArrayList.forEach(ArrayList.java:1511)
at org.testng.TestRunner.privateRun(TestRunner.java:829)
at org.testng.TestRunner.run(TestRunner.java:602)
at org.testng.SuiteRunner.runTest(SuiteRunner.java:437)
at org.testng.SuiteRunner.runSequentially(SuiteRunner.java:431)
at org.testng.SuiteRunner.privateRun(SuiteRunner.java:391)
at org.testng.SuiteRunner.run(SuiteRunner.java:330)
at org.testng.SuiteRunnerWorker.runSuite(SuiteRunnerWorker.java:52)
at org.testng.SuiteRunnerWorker.run(SuiteRunnerWorker.java:95)
at org.testng.TestNG.runSuitesSequentially(TestNG.java:1256)
at org.testng.TestNG.runSuitesLocally(TestNG.java:1176)
at org.testng.TestNG.runSuites(TestNG.java:1099)
at org.testng.TestNG.run(TestNG.java:1067)
at org.apache.maven.surefire.testng.TestNGExecutor.run(TestNGExecutor.java:283)
at org.apache.maven.surefire.testng.TestNGXmlTestSuite.execute(TestNGXmlTestSuite.java:75)
at org.apache.maven.surefire.testng.TestNGProvider.invoke(TestNGProvider.java:120)
at org.apache.maven.surefire.booter.ForkedBooter.invokeProviderInSameClassLoader(ForkedBooter.java:384)
at org.apache.maven.surefire.booter.ForkedBooter.runSuitesInProcess(ForkedBooter.java:345)
at org.apache.maven.surefire.booter.ForkedBooter.execute(ForkedBooter.java:126)
at org.apache.maven.surefire.booter.ForkedBooter.main(ForkedBooter.java:418)
]]>
    </failure>
  </testcase> <!-- validateForgotPassword -->
  <system-out/>
  <testcase classname="com.test.LetyShopsTest" name="testLoginWithValidCredentials" time="5.137"/>
  <system-out/>
  <testcase classname="com.test.LetyShopsTest" name="selectLanguage" time="60.386"/>
  <system-out/>
  <testcase classname="com.test.LetyShopsTest" name="checkNotification" time="3.652"/>
  <system-out/>
  <testcase classname="com.test.LetyShopsTest" name="searchItem" time="5.459"/>
  <system-out/>
  <testcase classname="com.test.LetyShopsTest" name="storePage" time="28.516"/>
  <system-out/>
  <testcase classname="com.test.LetyShopsTest" name="testProfile" time="20.624"/>
  <system-out/>
</testsuite> <!-- com.test.LetyShopsTest -->
